<?xml version="1.0" encoding="UTF-8"?>
<!-- Generated by org.testng.reporters.JUnitReportReporter -->
<testsuite skipped="0" hostname="RAJU-PC" name="com.crm.qa.testcases.LoginPageTest" tests="3" failures="0" timestamp="28 Apr 2018 10:02:07 GMT" time="25.304" errors="0">
  <testcase name="loginPageTitleTest" time="6.783" classname="com.crm.qa.testcases.LoginPageTest"/>
  <testcase name="crmLogoImageTest" time="7.907" classname="com.crm.qa.testcases.LoginPageTest"/>
  <testcase name="loginTest" time="10.614" classname="com.crm.qa.testcases.LoginPageTest"/>
</testsuite> <!-- com.crm.qa.testcases.LoginPageTest -->
